c:\users\admin\desktop\programming_lesson_06\trainingframework\debug-nvidia\vc142.pdb
c:\users\admin\desktop\programming_lesson_06\trainingframework\debug-nvidia\vc142.idb
c:\users\admin\desktop\programming_lesson_06\trainingframework\debug-nvidia\fallingobject.obj
c:\users\admin\desktop\programming_lesson_06\trainingframework\debug-nvidia\application.obj
c:\users\admin\desktop\programming_lesson_06\trainingframework\debug-nvidia\resourcemanagers.obj
c:\users\admin\desktop\programming_lesson_06\trainingframework\debug-nvidia\font.obj
c:\users\admin\desktop\programming_lesson_06\trainingframework\debug-nvidia\gamebutton.obj
c:\users\admin\desktop\programming_lesson_06\trainingframework\debug-nvidia\animationsprite.obj
c:\users\admin\desktop\programming_lesson_06\trainingframework\debug-nvidia\sprite2d.obj
c:\users\admin\desktop\programming_lesson_06\trainingframework\debug-nvidia\camera.obj
c:\users\admin\desktop\programming_lesson_06\trainingframework\debug-nvidia\sprite3d.obj
c:\users\admin\desktop\programming_lesson_06\trainingframework\debug-nvidia\models.obj
c:\users\admin\desktop\programming_lesson_06\trainingframework\debug-nvidia\shaders.obj
c:\users\admin\desktop\programming_lesson_06\trainingframework\debug-nvidia\text.obj
c:\users\admin\desktop\programming_lesson_06\trainingframework\debug-nvidia\texture.obj
c:\users\admin\desktop\programming_lesson_06\trainingframework\debug-nvidia\gamestatebase.obj
c:\users\admin\desktop\programming_lesson_06\trainingframework\debug-nvidia\gamestatemachine.obj
c:\users\admin\desktop\programming_lesson_06\trainingframework\debug-nvidia\gsintro.obj
c:\users\admin\desktop\programming_lesson_06\trainingframework\debug-nvidia\gsmenu.obj
c:\users\admin\desktop\programming_lesson_06\trainingframework\debug-nvidia\gsplay.obj
c:\users\admin\desktop\programming_lesson_06\trainingframework\debug-nvidia\trainingframework.obj
c:\users\admin\desktop\programming_lesson_06\trainingframework\debug-nvidia\gsoption.obj
c:\users\admin\desktop\programming_lesson_06\trainingframework\debug-nvidia\inputmanager.obj
c:\users\admin\desktop\programming_lesson_06\trainingframework\debug-nvidia\spawner.obj
c:\users\admin\desktop\programming_lesson_06\bin-nvidia\trainingframework.exe
c:\users\admin\desktop\programming_lesson_06\bin-nvidia\trainingframework.ilk
c:\users\admin\desktop\programming_lesson_06\bin-nvidia\trainingframework.pdb
c:\users\admin\desktop\programming_lesson_06\\bin-nvidia\trainingframework.pdb
c:\users\admin\desktop\programming_lesson_06\\bin-nvidia\trainingframework.exe
c:\users\admin\desktop\programming_lesson_06\\bin-nvidia\trainingframework.ilk
c:\users\admin\desktop\programming_lesson_06\trainingframework\debug-nvidia\training.fc024ec8.tlog\cl.command.1.tlog
c:\users\admin\desktop\programming_lesson_06\trainingframework\debug-nvidia\training.fc024ec8.tlog\cl.read.1.tlog
c:\users\admin\desktop\programming_lesson_06\trainingframework\debug-nvidia\training.fc024ec8.tlog\cl.write.1.tlog
c:\users\admin\desktop\programming_lesson_06\trainingframework\debug-nvidia\training.fc024ec8.tlog\link.command.1.tlog
c:\users\admin\desktop\programming_lesson_06\trainingframework\debug-nvidia\training.fc024ec8.tlog\link.read.1.tlog
c:\users\admin\desktop\programming_lesson_06\trainingframework\debug-nvidia\training.fc024ec8.tlog\link.write.1.tlog
